----------------------------------------------------------------------------------------------------
Training started: 14/01/2020 22:27:04

Number of classes: 5 | Number of epochs: 50
Batch size: 1 | Learning rate: 0.001
Training data size: 402 | Test data size: 71

Epoch: 000 | Test accuracy: 9.859% | Train accuracy: 8.458%
Epoch: 001 | Test accuracy: 52.113% | Train accuracy: 69.154% | Loss: 884.248
Epoch: 002 | Test accuracy: 67.606% | Train accuracy: 91.045% | Loss: 311.315
Epoch: 003 | Test accuracy: 74.648% | Train accuracy: 95.522% | Loss: 151.073
Epoch: 004 | Test accuracy: 74.648% | Train accuracy: 97.512% | Loss: 55.870
Epoch: 005 | Test accuracy: 76.056% | Train accuracy: 96.020% | Loss: 15.477
Epoch: 006 | Test accuracy: 80.282% | Train accuracy: 97.015% | Loss: 11.918
Epoch: 007 | Test accuracy: 80.282% | Train accuracy: 97.015% | Loss: 25.973
Epoch: 008 | Test accuracy: 81.690% | Train accuracy: 98.756% | Loss: 22.351
Epoch: 009 | Test accuracy: 77.465% | Train accuracy: 95.274% | Loss: 12.998
Epoch: 010 | Test accuracy: 84.507% | Train accuracy: 98.507% | Loss: 75.689
Epoch: 011 | Test accuracy: 91.549% | Train accuracy: 99.254% | Loss: 10.706
Epoch: 012 | Test accuracy: 87.324% | Train accuracy: 99.005% | Loss: 30.603
Epoch: 013 | Test accuracy: 87.324% | Train accuracy: 99.005% | Loss: 57.950
Epoch: 014 | Test accuracy: 85.915% | Train accuracy: 97.015% | Loss: 19.694
Epoch: 015 | Test accuracy: 88.732% | Train accuracy: 99.005% | Loss: 4.762
Epoch: 016 | Test accuracy: 87.324% | Train accuracy: 99.254% | Loss: 9.916
Epoch: 017 | Test accuracy: 90.141% | Train accuracy: 99.751% | Loss: 12.985
Epoch: 018 | Test accuracy: 92.958% | Train accuracy: 100.000% | Loss: 0.528
Epoch: 019 | Test accuracy: 90.141% | Train accuracy: 100.000% | Loss: 0.363
Epoch: 020 | Test accuracy: 88.732% | Train accuracy: 100.000% | Loss: 1.296
Epoch: 021 | Test accuracy: 91.549% | Train accuracy: 100.000% | Loss: 0.096
Epoch: 022 | Test accuracy: 90.141% | Train accuracy: 100.000% | Loss: 0.010
Epoch: 023 | Test accuracy: 88.732% | Train accuracy: 100.000% | Loss: 0.013
Epoch: 024 | Test accuracy: 88.732% | Train accuracy: 100.000% | Loss: 0.007
Epoch: 025 | Test accuracy: 87.324% | Train accuracy: 100.000% | Loss: 0.003
Epoch: 026 | Test accuracy: 91.549% | Train accuracy: 100.000% | Loss: 0.004
Epoch: 027 | Test accuracy: 88.732% | Train accuracy: 100.000% | Loss: 0.005
Epoch: 028 | Test accuracy: 90.141% | Train accuracy: 100.000% | Loss: 0.007
Epoch: 029 | Test accuracy: 88.732% | Train accuracy: 100.000% | Loss: 0.012
Epoch: 030 | Test accuracy: 90.141% | Train accuracy: 100.000% | Loss: 0.006
Epoch: 031 | Test accuracy: 90.141% | Train accuracy: 100.000% | Loss: 0.005
Epoch: 032 | Test accuracy: 90.141% | Train accuracy: 100.000% | Loss: 0.002
Epoch: 033 | Test accuracy: 90.141% | Train accuracy: 100.000% | Loss: 0.008
Epoch: 034 | Test accuracy: 92.958% | Train accuracy: 100.000% | Loss: 0.004
Epoch: 035 | Test accuracy: 90.141% | Train accuracy: 100.000% | Loss: 0.002
Epoch: 036 | Test accuracy: 90.141% | Train accuracy: 100.000% | Loss: 0.002
Epoch: 037 | Test accuracy: 91.549% | Train accuracy: 100.000% | Loss: 0.001
Epoch: 038 | Test accuracy: 90.141% | Train accuracy: 100.000% | Loss: 0.003
Epoch: 039 | Test accuracy: 91.549% | Train accuracy: 100.000% | Loss: 0.001
Epoch: 040 | Test accuracy: 92.958% | Train accuracy: 100.000% | Loss: 0.005
Epoch: 041 | Test accuracy: 90.141% | Train accuracy: 100.000% | Loss: 0.001
Epoch: 042 | Test accuracy: 92.958% | Train accuracy: 100.000% | Loss: 0.001
Epoch: 043 | Test accuracy: 91.549% | Train accuracy: 100.000% | Loss: 0.001
Epoch: 044 | Test accuracy: 90.141% | Train accuracy: 100.000% | Loss: 0.001
Epoch: 045 | Test accuracy: 91.549% | Train accuracy: 100.000% | Loss: 0.002
Epoch: 046 | Test accuracy: 94.366% | Train accuracy: 100.000% | Loss: 0.000
Epoch: 047 | Test accuracy: 91.549% | Train accuracy: 100.000% | Loss: 0.001
Epoch: 048 | Test accuracy: 92.958% | Train accuracy: 100.000% | Loss: 0.000
Epoch: 049 | Test accuracy: 92.958% | Train accuracy: 100.000% | Loss: 0.001
Epoch: 050 | Test accuracy: 91.549% | Train accuracy: 99.751% | Loss: 95.604

Loss: [884.247680645436, 311.3150768876076, 151.07275526598096, 55.87011872045696, 15.477361138910055, 11.917700827121735, 25.973208103794605, 22.3512774258852, 12.99772222340107, 75.68894654512405, 10.70574326813221, 30.603240445256233, 57.94992619752884, 19.694244146347046, 4.762043833732605, 9.91611921787262, 12.98522436618805, 0.528014287352562, 0.36288952827453613, 1.2962383031845093, 0.09607696533203125, 0.010059118270874023, 0.012986384332180023, 0.006838321685791016, 0.0033178329467773438, 0.0041921138763427734, 0.0047457218170166016, 0.006567716598510742, 0.012260913848876953, 0.005954742431640625, 0.004511356353759766, 0.001981973648071289, 0.008322477340698242, 0.0035352706909179688, 0.0024268627166748047, 0.0018788576126098633, 0.0010616779327392578, 0.003409862518310547, 0.0012516975402832031, 0.005315542221069336, 0.0008656978607177734, 0.0006165504455566406, 0.0008196830749511719, 0.00121307373046875, 0.0024862289428710938, 0.0004749298095703125, 0.0005254745483398438, 0.000225067138671875, 0.000980377197265625, 95.60436452925205]
Test: [52.112676056338024, 67.6056338028169, 74.64788732394366, 74.64788732394366, 76.05633802816901, 80.28169014084507, 80.28169014084507, 81.69014084507043, 77.46478873239437, 84.50704225352112, 91.54929577464789, 87.32394366197182, 87.32394366197182, 85.91549295774648, 88.73239436619718, 87.32394366197182, 90.14084507042254, 92.95774647887323, 90.14084507042254, 88.73239436619718, 91.54929577464789, 90.14084507042254, 88.73239436619718, 88.73239436619718, 87.32394366197182, 91.54929577464789, 88.73239436619718, 90.14084507042254, 88.73239436619718, 90.14084507042254, 90.14084507042254, 90.14084507042254, 90.14084507042254, 92.95774647887323, 90.14084507042254, 90.14084507042254, 91.54929577464789, 90.14084507042254, 91.54929577464789, 92.95774647887323, 90.14084507042254, 92.95774647887323, 91.54929577464789, 90.14084507042254, 91.54929577464789, 94.36619718309859, 91.54929577464789, 92.95774647887323, 92.95774647887323, 91.54929577464789]
Train: [69.15422885572139, 91.04477611940298, 95.52238805970148, 97.51243781094527, 96.01990049751244, 97.01492537313433, 97.01492537313433, 98.75621890547264, 95.27363184079603, 98.50746268656717, 99.25373134328358, 99.00497512437812, 99.00497512437812, 97.01492537313433, 99.00497512437812, 99.25373134328358, 99.75124378109453, 100.0, 100.0, 100.0, 100.0, 100.0, 100.0, 100.0, 100.0, 100.0, 100.0, 100.0, 100.0, 100.0, 100.0, 100.0, 100.0, 100.0, 100.0, 100.0, 100.0, 100.0, 100.0, 100.0, 100.0, 100.0, 100.0, 100.0, 100.0, 100.0, 100.0, 100.0, 100.0, 99.75124378109453]

Training ended: 14/01/2020 22:45:58
----------------------------------------------------------------------------------------------------
----------------------------------------------------------------------------------------------------
Training started: 14/01/2020 22:46:05

Number of classes: 5 | Number of epochs: 50
Batch size: 1 | Learning rate: 0.001
Training data size: 402 | Test data size: 71

Epoch: 000 | Test accuracy: 12.676% | Train accuracy: 12.935%
Epoch: 001 | Test accuracy: 50.704% | Train accuracy: 65.920% | Loss: 957.941
Epoch: 002 | Test accuracy: 83.099% | Train accuracy: 91.045% | Loss: 373.610
Epoch: 003 | Test accuracy: 88.732% | Train accuracy: 96.269% | Loss: 117.932
Epoch: 004 | Test accuracy: 92.958% | Train accuracy: 100.000% | Loss: 33.428
Epoch: 005 | Test accuracy: 94.366% | Train accuracy: 99.751% | Loss: 12.891
Epoch: 006 | Test accuracy: 97.183% | Train accuracy: 100.000% | Loss: 8.841
Epoch: 007 | Test accuracy: 97.183% | Train accuracy: 100.000% | Loss: 1.741
Epoch: 008 | Test accuracy: 97.183% | Train accuracy: 100.000% | Loss: 0.803
Epoch: 009 | Test accuracy: 97.183% | Train accuracy: 100.000% | Loss: 0.823
Epoch: 010 | Test accuracy: 97.183% | Train accuracy: 100.000% | Loss: 0.451
Epoch: 011 | Test accuracy: 97.183% | Train accuracy: 100.000% | Loss: 0.344
Epoch: 012 | Test accuracy: 98.592% | Train accuracy: 100.000% | Loss: 0.264
Epoch: 013 | Test accuracy: 97.183% | Train accuracy: 100.000% | Loss: 0.190
Epoch: 014 | Test accuracy: 98.592% | Train accuracy: 100.000% | Loss: 0.170
Epoch: 015 | Test accuracy: 97.183% | Train accuracy: 100.000% | Loss: 0.115
Epoch: 016 | Test accuracy: 97.183% | Train accuracy: 100.000% | Loss: 0.105
Epoch: 017 | Test accuracy: 98.592% | Train accuracy: 100.000% | Loss: 0.096
Epoch: 018 | Test accuracy: 98.592% | Train accuracy: 100.000% | Loss: 0.068
Epoch: 019 | Test accuracy: 98.592% | Train accuracy: 100.000% | Loss: 0.050
Epoch: 020 | Test accuracy: 98.592% | Train accuracy: 100.000% | Loss: 0.043
Epoch: 021 | Test accuracy: 98.592% | Train accuracy: 100.000% | Loss: 0.026
Epoch: 022 | Test accuracy: 98.592% | Train accuracy: 100.000% | Loss: 0.026
Epoch: 023 | Test accuracy: 98.592% | Train accuracy: 100.000% | Loss: 0.017
Epoch: 024 | Test accuracy: 98.592% | Train accuracy: 100.000% | Loss: 0.018
Epoch: 025 | Test accuracy: 98.592% | Train accuracy: 100.000% | Loss: 0.016
Epoch: 026 | Test accuracy: 98.592% | Train accuracy: 100.000% | Loss: 0.010
Epoch: 027 | Test accuracy: 98.592% | Train accuracy: 100.000% | Loss: 0.011
Epoch: 028 | Test accuracy: 97.183% | Train accuracy: 100.000% | Loss: 0.014
Epoch: 029 | Test accuracy: 98.592% | Train accuracy: 100.000% | Loss: 0.008
Epoch: 030 | Test accuracy: 98.592% | Train accuracy: 100.000% | Loss: 0.009
Epoch: 031 | Test accuracy: 98.592% | Train accuracy: 100.000% | Loss: 0.004
Epoch: 032 | Test accuracy: 98.592% | Train accuracy: 100.000% | Loss: 0.002
Epoch: 033 | Test accuracy: 98.592% | Train accuracy: 100.000% | Loss: 0.002
Epoch: 034 | Test accuracy: 98.592% | Train accuracy: 100.000% | Loss: 0.001
Epoch: 035 | Test accuracy: 98.592% | Train accuracy: 100.000% | Loss: 0.001
Epoch: 036 | Test accuracy: 98.592% | Train accuracy: 100.000% | Loss: 0.001
Epoch: 037 | Test accuracy: 98.592% | Train accuracy: 100.000% | Loss: 0.001
Epoch: 038 | Test accuracy: 98.592% | Train accuracy: 100.000% | Loss: 0.000
Epoch: 039 | Test accuracy: 98.592% | Train accuracy: 100.000% | Loss: 0.000
Epoch: 040 | Test accuracy: 98.592% | Train accuracy: 100.000% | Loss: 0.000
Epoch: 041 | Test accuracy: 98.592% | Train accuracy: 100.000% | Loss: 0.001
Epoch: 042 | Test accuracy: 88.732% | Train accuracy: 97.015% | Loss: 337.259
Epoch: 043 | Test accuracy: 87.324% | Train accuracy: 99.005% | Loss: 35.743
Epoch: 044 | Test accuracy: 94.366% | Train accuracy: 100.000% | Loss: 0.407
Epoch: 045 | Test accuracy: 94.366% | Train accuracy: 100.000% | Loss: 0.048
Epoch: 046 | Test accuracy: 92.958% | Train accuracy: 100.000% | Loss: 0.160
Epoch: 047 | Test accuracy: 94.366% | Train accuracy: 100.000% | Loss: 0.026
Epoch: 048 | Test accuracy: 94.366% | Train accuracy: 100.000% | Loss: 0.034
Epoch: 049 | Test accuracy: 94.366% | Train accuracy: 100.000% | Loss: 0.008
Epoch: 050 | Test accuracy: 92.958% | Train accuracy: 100.000% | Loss: 0.086

Loss: [957.9408888965845, 373.6097106933594, 117.93195702135563, 33.42762143909931, 12.890759259462357, 8.840922430157661, 1.7408417463302612, 0.803170919418335, 0.822697639465332, 0.4510946273803711, 0.3436300754547119, 0.2637641429901123, 0.19034123420715332, 0.17013072967529297, 0.1147909164428711, 0.10471343994140625, 0.09642648696899414, 0.06820964813232422, 0.05032777786254883, 0.04315519332885742, 0.0263826847076416, 0.02596902847290039, 0.017226696014404297, 0.017989397048950195, 0.015668630599975586, 0.00974583625793457, 0.010622501373291016, 0.01404428482055664, 0.007829427719116211, 0.009095191955566406, 0.004423618316650391, 0.00171661376953125, 0.001953601837158203, 0.0012979507446289062, 0.0012083053588867188, 0.0009441375732421875, 0.0007817745208740234, 0.00043773651123046875, 0.0003814697265625, 0.0003528594970703125, 0.0010786056518554688, 337.25895819067955, 35.74279302358627, 0.4066500663757324, 0.04812288284301758, 0.15950965881347656, 0.02613353729248047, 0.033521294593811035, 0.008226394653320312, 0.08628982305526733]
Test: [50.70422535211267, 83.09859154929578, 88.73239436619718, 92.95774647887323, 94.36619718309859, 97.1830985915493, 97.1830985915493, 97.1830985915493, 97.1830985915493, 97.1830985915493, 97.1830985915493, 98.59154929577466, 97.1830985915493, 98.59154929577466, 97.1830985915493, 97.1830985915493, 98.59154929577466, 98.59154929577466, 98.59154929577466, 98.59154929577466, 98.59154929577466, 98.59154929577466, 98.59154929577466, 98.59154929577466, 98.59154929577466, 98.59154929577466, 98.59154929577466, 97.1830985915493, 98.59154929577466, 98.59154929577466, 98.59154929577466, 98.59154929577466, 98.59154929577466, 98.59154929577466, 98.59154929577466, 98.59154929577466, 98.59154929577466, 98.59154929577466, 98.59154929577466, 98.59154929577466, 98.59154929577466, 88.73239436619718, 87.32394366197182, 94.36619718309859, 94.36619718309859, 92.95774647887323, 94.36619718309859, 94.36619718309859, 94.36619718309859, 92.95774647887323]
Train: [65.92039800995025, 91.04477611940298, 96.26865671641791, 100.0, 99.75124378109453, 100.0, 100.0, 100.0, 100.0, 100.0, 100.0, 100.0, 100.0, 100.0, 100.0, 100.0, 100.0, 100.0, 100.0, 100.0, 100.0, 100.0, 100.0, 100.0, 100.0, 100.0, 100.0, 100.0, 100.0, 100.0, 100.0, 100.0, 100.0, 100.0, 100.0, 100.0, 100.0, 100.0, 100.0, 100.0, 100.0, 97.01492537313433, 99.00497512437812, 100.0, 100.0, 100.0, 100.0, 100.0, 100.0, 100.0]

Training ended: 14/01/2020 23:04:18
----------------------------------------------------------------------------------------------------
----------------------------------------------------------------------------------------------------
Training started: 14/01/2020 23:04:26

Number of classes: 5 | Number of epochs: 50
Batch size: 1 | Learning rate: 0.001
Training data size: 402 | Test data size: 71

Epoch: 000 | Test accuracy: 21.127% | Train accuracy: 20.398%
Epoch: 001 | Test accuracy: 73.239% | Train accuracy: 82.338% | Loss: 762.712
Epoch: 002 | Test accuracy: 80.282% | Train accuracy: 94.030% | Loss: 225.577
Epoch: 003 | Test accuracy: 92.958% | Train accuracy: 99.751% | Loss: 48.303
Epoch: 004 | Test accuracy: 94.366% | Train accuracy: 99.751% | Loss: 13.709
Epoch: 005 | Test accuracy: 91.549% | Train accuracy: 99.751% | Loss: 4.431
Epoch: 006 | Test accuracy: 92.958% | Train accuracy: 100.000% | Loss: 1.780
Epoch: 007 | Test accuracy: 92.958% | Train accuracy: 100.000% | Loss: 1.181
Epoch: 008 | Test accuracy: 94.366% | Train accuracy: 100.000% | Loss: 0.743
Epoch: 009 | Test accuracy: 87.324% | Train accuracy: 95.274% | Loss: 83.955
Epoch: 010 | Test accuracy: 88.732% | Train accuracy: 97.512% | Loss: 74.821
Epoch: 011 | Test accuracy: 94.366% | Train accuracy: 99.254% | Loss: 28.961
Epoch: 012 | Test accuracy: 98.592% | Train accuracy: 100.000% | Loss: 1.341
Epoch: 013 | Test accuracy: 98.592% | Train accuracy: 99.751% | Loss: 0.229
Epoch: 014 | Test accuracy: 84.507% | Train accuracy: 93.035% | Loss: 20.853
Epoch: 015 | Test accuracy: 97.183% | Train accuracy: 98.507% | Loss: 6.454
Epoch: 016 | Test accuracy: 94.366% | Train accuracy: 98.010% | Loss: 6.946
Epoch: 017 | Test accuracy: 98.592% | Train accuracy: 99.502% | Loss: 10.769
Epoch: 018 | Test accuracy: 90.141% | Train accuracy: 99.254% | Loss: 15.125
Epoch: 019 | Test accuracy: 92.958% | Train accuracy: 97.015% | Loss: 28.912
Epoch: 020 | Test accuracy: 97.183% | Train accuracy: 100.000% | Loss: 3.862
Epoch: 021 | Test accuracy: 97.183% | Train accuracy: 100.000% | Loss: 0.161
Epoch: 022 | Test accuracy: 98.592% | Train accuracy: 100.000% | Loss: 0.060
Epoch: 023 | Test accuracy: 97.183% | Train accuracy: 100.000% | Loss: 0.014
Epoch: 024 | Test accuracy: 98.592% | Train accuracy: 100.000% | Loss: 0.006
Epoch: 025 | Test accuracy: 98.592% | Train accuracy: 100.000% | Loss: 0.010
Epoch: 026 | Test accuracy: 97.183% | Train accuracy: 100.000% | Loss: 0.002
Epoch: 027 | Test accuracy: 98.592% | Train accuracy: 100.000% | Loss: 0.003
Epoch: 028 | Test accuracy: 97.183% | Train accuracy: 100.000% | Loss: 0.008
Epoch: 029 | Test accuracy: 98.592% | Train accuracy: 100.000% | Loss: 0.015
Epoch: 030 | Test accuracy: 97.183% | Train accuracy: 100.000% | Loss: 0.009
Epoch: 031 | Test accuracy: 95.775% | Train accuracy: 100.000% | Loss: 0.006
Epoch: 032 | Test accuracy: 97.183% | Train accuracy: 100.000% | Loss: 0.003
Epoch: 033 | Test accuracy: 97.183% | Train accuracy: 100.000% | Loss: 0.004
Epoch: 034 | Test accuracy: 97.183% | Train accuracy: 100.000% | Loss: 0.003
Epoch: 035 | Test accuracy: 97.183% | Train accuracy: 100.000% | Loss: 0.001
Epoch: 036 | Test accuracy: 95.775% | Train accuracy: 100.000% | Loss: 0.001
Epoch: 037 | Test accuracy: 98.592% | Train accuracy: 100.000% | Loss: 0.001
Epoch: 038 | Test accuracy: 97.183% | Train accuracy: 100.000% | Loss: 0.001
Epoch: 039 | Test accuracy: 97.183% | Train accuracy: 100.000% | Loss: 0.001
Epoch: 040 | Test accuracy: 97.183% | Train accuracy: 100.000% | Loss: 0.000
Epoch: 041 | Test accuracy: 97.183% | Train accuracy: 100.000% | Loss: 0.001
Epoch: 042 | Test accuracy: 97.183% | Train accuracy: 100.000% | Loss: 0.000
Epoch: 043 | Test accuracy: 95.775% | Train accuracy: 100.000% | Loss: 0.000
Epoch: 044 | Test accuracy: 95.775% | Train accuracy: 98.010% | Loss: 59.238
Epoch: 045 | Test accuracy: 97.183% | Train accuracy: 99.005% | Loss: 22.753
Epoch: 046 | Test accuracy: 98.592% | Train accuracy: 99.502% | Loss: 6.480
Epoch: 047 | Test accuracy: 94.366% | Train accuracy: 99.005% | Loss: 9.773
Epoch: 048 | Test accuracy: 98.592% | Train accuracy: 100.000% | Loss: 4.578
Epoch: 049 | Test accuracy: 98.592% | Train accuracy: 99.502% | Loss: 21.445
Epoch: 050 | Test accuracy: 98.592% | Train accuracy: 100.000% | Loss: 25.881

Loss: [762.7124191001058, 225.5769079104066, 48.303136087954044, 13.708806544542313, 4.430797120556235, 1.7802765220403671, 1.1811951994895935, 0.7433763444423676, 83.95530086755753, 74.82070668041706, 28.96069698035717, 1.341376654803753, 0.22901415824890137, 20.852944888174534, 6.454048454761505, 6.946281611919403, 10.769227024167776, 15.125071167945862, 28.912436366081238, 3.8616435527801514, 0.16056323051452637, 0.059500694274902344, 0.013926506042480469, 0.005926370620727539, 0.010159969329833984, 0.002257823944091797, 0.0025877952575683594, 0.00843501091003418, 0.015030622482299805, 0.009346485137939453, 0.0061740875244140625, 0.0033779144287109375, 0.003802061080932617, 0.002901315689086914, 0.0014557838439941406, 0.0009799003601074219, 0.0009999275207519531, 0.0008525848388671875, 0.0006148815155029297, 0.0004737377166748047, 0.0005092620849609375, 0.0003314018249511719, 0.00035572052001953125, 59.23809003829956, 22.753318697214127, 6.479576945304871, 9.773237943649292, 4.577502250671387, 21.445189505815506, 25.880909144878387]
Test: [73.23943661971832, 80.28169014084507, 92.95774647887323, 94.36619718309859, 91.54929577464789, 92.95774647887323, 92.95774647887323, 94.36619718309859, 87.32394366197182, 88.73239436619718, 94.36619718309859, 98.59154929577466, 98.59154929577466, 84.50704225352112, 97.1830985915493, 94.36619718309859, 98.59154929577466, 90.14084507042254, 92.95774647887323, 97.1830985915493, 97.1830985915493, 98.59154929577466, 97.1830985915493, 98.59154929577466, 98.59154929577466, 97.1830985915493, 98.59154929577466, 97.1830985915493, 98.59154929577466, 97.1830985915493, 95.77464788732394, 97.1830985915493, 97.1830985915493, 97.1830985915493, 97.1830985915493, 95.77464788732394, 98.59154929577466, 97.1830985915493, 97.1830985915493, 97.1830985915493, 97.1830985915493, 97.1830985915493, 95.77464788732394, 95.77464788732394, 97.1830985915493, 98.59154929577466, 94.36619718309859, 98.59154929577466, 98.59154929577466, 98.59154929577466]
Train: [82.33830845771143, 94.02985074626866, 99.75124378109453, 99.75124378109453, 99.75124378109453, 100.0, 100.0, 100.0, 95.27363184079603, 97.51243781094527, 99.25373134328358, 100.0, 99.75124378109453, 93.03482587064677, 98.50746268656717, 98.00995024875621, 99.50248756218906, 99.25373134328358, 97.01492537313433, 100.0, 100.0, 100.0, 100.0, 100.0, 100.0, 100.0, 100.0, 100.0, 100.0, 100.0, 100.0, 100.0, 100.0, 100.0, 100.0, 100.0, 100.0, 100.0, 100.0, 100.0, 100.0, 100.0, 100.0, 98.00995024875621, 99.00497512437812, 99.50248756218906, 99.00497512437812, 100.0, 99.50248756218906, 100.0]

Training ended: 14/01/2020 23:22:40
----------------------------------------------------------------------------------------------------
----------------------------------------------------------------------------------------------------
Training started: 14/01/2020 23:22:48

Number of classes: 5 | Number of epochs: 50
Batch size: 1 | Learning rate: 0.001
Training data size: 402 | Test data size: 71

Epoch: 000 | Test accuracy: 18.310% | Train accuracy: 20.896%
Epoch: 001 | Test accuracy: 30.986% | Train accuracy: 50.249% | Loss: 953.822
Epoch: 002 | Test accuracy: 52.113% | Train accuracy: 84.577% | Loss: 461.441
Epoch: 003 | Test accuracy: 71.831% | Train accuracy: 93.284% | Loss: 168.128
Epoch: 004 | Test accuracy: 67.606% | Train accuracy: 89.552% | Loss: 56.655
Epoch: 005 | Test accuracy: 83.099% | Train accuracy: 99.502% | Loss: 22.761
Epoch: 006 | Test accuracy: 88.732% | Train accuracy: 99.751% | Loss: 10.768
Epoch: 007 | Test accuracy: 87.324% | Train accuracy: 100.000% | Loss: 6.836
Epoch: 008 | Test accuracy: 90.141% | Train accuracy: 100.000% | Loss: 2.401
Epoch: 009 | Test accuracy: 88.732% | Train accuracy: 98.010% | Loss: 112.334
Epoch: 010 | Test accuracy: 81.690% | Train accuracy: 95.771% | Loss: 24.894
Epoch: 011 | Test accuracy: 84.507% | Train accuracy: 99.005% | Loss: 36.450
Epoch: 012 | Test accuracy: 90.141% | Train accuracy: 100.000% | Loss: 10.689
Epoch: 013 | Test accuracy: 91.549% | Train accuracy: 100.000% | Loss: 0.693
Epoch: 014 | Test accuracy: 90.141% | Train accuracy: 100.000% | Loss: 0.098
Epoch: 015 | Test accuracy: 90.141% | Train accuracy: 100.000% | Loss: 0.207
Epoch: 016 | Test accuracy: 92.958% | Train accuracy: 100.000% | Loss: 0.138
Epoch: 017 | Test accuracy: 91.549% | Train accuracy: 100.000% | Loss: 0.169
Epoch: 018 | Test accuracy: 90.141% | Train accuracy: 100.000% | Loss: 0.041
Epoch: 019 | Test accuracy: 90.141% | Train accuracy: 100.000% | Loss: 0.061
Epoch: 020 | Test accuracy: 91.549% | Train accuracy: 100.000% | Loss: 0.037
Epoch: 021 | Test accuracy: 91.549% | Train accuracy: 100.000% | Loss: 0.352
Epoch: 022 | Test accuracy: 91.549% | Train accuracy: 100.000% | Loss: 0.050
Epoch: 023 | Test accuracy: 91.549% | Train accuracy: 100.000% | Loss: 0.038
Epoch: 024 | Test accuracy: 90.141% | Train accuracy: 100.000% | Loss: 0.026
Epoch: 025 | Test accuracy: 92.958% | Train accuracy: 100.000% | Loss: 0.013
Epoch: 026 | Test accuracy: 92.958% | Train accuracy: 100.000% | Loss: 0.024
Epoch: 027 | Test accuracy: 92.958% | Train accuracy: 100.000% | Loss: 0.011
Epoch: 028 | Test accuracy: 92.958% | Train accuracy: 100.000% | Loss: 0.005
Epoch: 029 | Test accuracy: 91.549% | Train accuracy: 100.000% | Loss: 0.004
Epoch: 030 | Test accuracy: 92.958% | Train accuracy: 100.000% | Loss: 0.004
Epoch: 031 | Test accuracy: 91.549% | Train accuracy: 100.000% | Loss: 0.009
Epoch: 032 | Test accuracy: 91.549% | Train accuracy: 100.000% | Loss: 0.005
Epoch: 033 | Test accuracy: 92.958% | Train accuracy: 100.000% | Loss: 0.005
Epoch: 034 | Test accuracy: 94.366% | Train accuracy: 100.000% | Loss: 0.007
Epoch: 035 | Test accuracy: 94.366% | Train accuracy: 100.000% | Loss: 0.005
Epoch: 036 | Test accuracy: 91.549% | Train accuracy: 100.000% | Loss: 0.001
Epoch: 037 | Test accuracy: 91.549% | Train accuracy: 100.000% | Loss: 0.002
Epoch: 038 | Test accuracy: 94.366% | Train accuracy: 100.000% | Loss: 0.002
Epoch: 039 | Test accuracy: 90.141% | Train accuracy: 100.000% | Loss: 0.001
Epoch: 040 | Test accuracy: 92.958% | Train accuracy: 100.000% | Loss: 0.001
Epoch: 041 | Test accuracy: 91.549% | Train accuracy: 100.000% | Loss: 0.001
Epoch: 042 | Test accuracy: 92.958% | Train accuracy: 100.000% | Loss: 0.001
Epoch: 043 | Test accuracy: 91.549% | Train accuracy: 98.010% | Loss: 157.656
Epoch: 044 | Test accuracy: 88.732% | Train accuracy: 99.751% | Loss: 25.900
Epoch: 045 | Test accuracy: 91.549% | Train accuracy: 100.000% | Loss: 3.095
Epoch: 046 | Test accuracy: 92.958% | Train accuracy: 100.000% | Loss: 0.679
Epoch: 047 | Test accuracy: 94.366% | Train accuracy: 100.000% | Loss: 0.016
Epoch: 048 | Test accuracy: 94.366% | Train accuracy: 100.000% | Loss: 0.012
Epoch: 049 | Test accuracy: 92.958% | Train accuracy: 100.000% | Loss: 0.044
Epoch: 050 | Test accuracy: 91.549% | Train accuracy: 100.000% | Loss: 0.049

Loss: [953.8217416703701, 461.44141989946365, 168.12805518507957, 56.65549409016967, 22.761250607669353, 10.76838231086731, 6.8364996165037155, 2.400690633803606, 112.33350174129009, 24.893880780786276, 36.45036471635103, 10.689373075962067, 0.6925210654735565, 0.09819462895393372, 0.206750750541687, 0.1382431983947754, 0.16891026496887207, 0.04136967658996582, 0.06128913164138794, 0.037409693002700806, 0.35211318731307983, 0.04978513717651367, 0.037929534912109375, 0.025580525398254395, 0.013455390930175781, 0.023772716522216797, 0.011080503463745117, 0.005409955978393555, 0.00406646728515625, 0.0036623477935791016, 0.009123802185058594, 0.005052685737609863, 0.00474238395690918, 0.006587862968444824, 0.005228996276855469, 0.0010991096496582031, 0.0022416114807128906, 0.0016393661499023438, 0.0009130239486694336, 0.0006923675537109375, 0.000782012939453125, 0.0007181167602539062, 157.65585334599018, 25.900147259235382, 3.0951408743858337, 0.6792192459106445, 0.015527009963989258, 0.012083649635314941, 0.044434309005737305, 0.04861950874328613]
Test: [30.985915492957744, 52.112676056338024, 71.83098591549296, 67.6056338028169, 83.09859154929578, 88.73239436619718, 87.32394366197182, 90.14084507042254, 88.73239436619718, 81.69014084507043, 84.50704225352112, 90.14084507042254, 91.54929577464789, 90.14084507042254, 90.14084507042254, 92.95774647887323, 91.54929577464789, 90.14084507042254, 90.14084507042254, 91.54929577464789, 91.54929577464789, 91.54929577464789, 91.54929577464789, 90.14084507042254, 92.95774647887323, 92.95774647887323, 92.95774647887323, 92.95774647887323, 91.54929577464789, 92.95774647887323, 91.54929577464789, 91.54929577464789, 92.95774647887323, 94.36619718309859, 94.36619718309859, 91.54929577464789, 91.54929577464789, 94.36619718309859, 90.14084507042254, 92.95774647887323, 91.54929577464789, 92.95774647887323, 91.54929577464789, 88.73239436619718, 91.54929577464789, 92.95774647887323, 94.36619718309859, 94.36619718309859, 92.95774647887323, 91.54929577464789]
Train: [50.24875621890548, 84.5771144278607, 93.28358208955224, 89.55223880597015, 99.50248756218906, 99.75124378109453, 100.0, 100.0, 98.00995024875621, 95.77114427860697, 99.00497512437812, 100.0, 100.0, 100.0, 100.0, 100.0, 100.0, 100.0, 100.0, 100.0, 100.0, 100.0, 100.0, 100.0, 100.0, 100.0, 100.0, 100.0, 100.0, 100.0, 100.0, 100.0, 100.0, 100.0, 100.0, 100.0, 100.0, 100.0, 100.0, 100.0, 100.0, 100.0, 98.00995024875621, 99.75124378109453, 100.0, 100.0, 100.0, 100.0, 100.0, 100.0]

Training ended: 14/01/2020 23:41:31
----------------------------------------------------------------------------------------------------
----------------------------------------------------------------------------------------------------
Training started: 14/01/2020 23:41:37

Number of classes: 5 | Number of epochs: 50
Batch size: 1 | Learning rate: 0.001
Training data size: 402 | Test data size: 71

Epoch: 000 | Test accuracy: 26.761% | Train accuracy: 27.363%
Epoch: 001 | Test accuracy: 45.070% | Train accuracy: 61.194% | Loss: 972.833
Epoch: 002 | Test accuracy: 83.099% | Train accuracy: 91.791% | Loss: 306.519
Epoch: 003 | Test accuracy: 88.732% | Train accuracy: 98.507% | Loss: 85.282
Epoch: 004 | Test accuracy: 90.141% | Train accuracy: 97.015% | Loss: 34.416
Epoch: 005 | Test accuracy: 97.183% | Train accuracy: 99.751% | Loss: 10.985
Epoch: 006 | Test accuracy: 98.592% | Train accuracy: 100.000% | Loss: 5.904
Epoch: 007 | Test accuracy: 98.592% | Train accuracy: 100.000% | Loss: 2.474
Epoch: 008 | Test accuracy: 98.592% | Train accuracy: 100.000% | Loss: 1.064
Epoch: 009 | Test accuracy: 98.592% | Train accuracy: 99.751% | Loss: 2.963
Epoch: 010 | Test accuracy: 88.732% | Train accuracy: 95.771% | Loss: 108.502
Epoch: 011 | Test accuracy: 97.183% | Train accuracy: 99.751% | Loss: 26.835
Epoch: 012 | Test accuracy: 98.592% | Train accuracy: 99.751% | Loss: 6.487
Epoch: 013 | Test accuracy: 98.592% | Train accuracy: 100.000% | Loss: 0.432
Epoch: 014 | Test accuracy: 97.183% | Train accuracy: 100.000% | Loss: 2.059
Epoch: 015 | Test accuracy: 97.183% | Train accuracy: 100.000% | Loss: 0.103
Epoch: 016 | Test accuracy: 98.592% | Train accuracy: 100.000% | Loss: 0.065
Epoch: 017 | Test accuracy: 100.000% | Train accuracy: 100.000% | Loss: 0.016
Epoch: 018 | Test accuracy: 98.592% | Train accuracy: 100.000% | Loss: 0.013
Epoch: 019 | Test accuracy: 98.592% | Train accuracy: 100.000% | Loss: 0.023
Epoch: 020 | Test accuracy: 97.183% | Train accuracy: 100.000% | Loss: 0.023
Epoch: 021 | Test accuracy: 97.183% | Train accuracy: 100.000% | Loss: 0.013
Epoch: 022 | Test accuracy: 98.592% | Train accuracy: 100.000% | Loss: 0.014
Epoch: 023 | Test accuracy: 97.183% | Train accuracy: 100.000% | Loss: 0.011
Epoch: 024 | Test accuracy: 97.183% | Train accuracy: 100.000% | Loss: 0.010
Epoch: 025 | Test accuracy: 98.592% | Train accuracy: 100.000% | Loss: 0.013
Epoch: 026 | Test accuracy: 97.183% | Train accuracy: 100.000% | Loss: 0.008
Epoch: 027 | Test accuracy: 98.592% | Train accuracy: 100.000% | Loss: 0.005
Epoch: 028 | Test accuracy: 95.775% | Train accuracy: 100.000% | Loss: 0.003
Epoch: 029 | Test accuracy: 98.592% | Train accuracy: 100.000% | Loss: 0.005
Epoch: 030 | Test accuracy: 97.183% | Train accuracy: 100.000% | Loss: 0.004
Epoch: 031 | Test accuracy: 97.183% | Train accuracy: 100.000% | Loss: 0.002
Epoch: 032 | Test accuracy: 97.183% | Train accuracy: 100.000% | Loss: 0.002
Epoch: 033 | Test accuracy: 98.592% | Train accuracy: 100.000% | Loss: 0.002
Epoch: 034 | Test accuracy: 98.592% | Train accuracy: 100.000% | Loss: 0.002
Epoch: 035 | Test accuracy: 97.183% | Train accuracy: 100.000% | Loss: 0.001
Epoch: 036 | Test accuracy: 98.592% | Train accuracy: 100.000% | Loss: 0.001
Epoch: 037 | Test accuracy: 94.366% | Train accuracy: 94.279% | Loss: 80.305
Epoch: 038 | Test accuracy: 92.958% | Train accuracy: 97.761% | Loss: 134.218
Epoch: 039 | Test accuracy: 97.183% | Train accuracy: 99.751% | Loss: 35.376
Epoch: 040 | Test accuracy: 98.592% | Train accuracy: 100.000% | Loss: 4.974
Epoch: 041 | Test accuracy: 98.592% | Train accuracy: 100.000% | Loss: 1.026
Epoch: 042 | Test accuracy: 98.592% | Train accuracy: 100.000% | Loss: 0.037
Epoch: 043 | Test accuracy: 98.592% | Train accuracy: 100.000% | Loss: 0.002
Epoch: 044 | Test accuracy: 98.592% | Train accuracy: 100.000% | Loss: 0.000
Epoch: 045 | Test accuracy: 98.592% | Train accuracy: 100.000% | Loss: 0.000
Epoch: 046 | Test accuracy: 98.592% | Train accuracy: 100.000% | Loss: 0.000
Epoch: 047 | Test accuracy: 98.592% | Train accuracy: 100.000% | Loss: 0.001
Epoch: 048 | Test accuracy: 98.592% | Train accuracy: 100.000% | Loss: 0.004
Epoch: 049 | Test accuracy: 98.592% | Train accuracy: 100.000% | Loss: 0.028
Epoch: 050 | Test accuracy: 98.592% | Train accuracy: 100.000% | Loss: 0.000

Loss: [972.8326053768396, 306.5185767710209, 85.28205695748329, 34.415530409663916, 10.98499745130539, 5.904117405414581, 2.474252760410309, 1.0644006729125977, 2.962538182735443, 108.50171709060669, 26.835065096616745, 6.48736971616745, 0.43199968338012695, 2.0594358444213867, 0.10294008255004883, 0.06535935401916504, 0.01565074920654297, 0.013054847717285156, 0.023134708404541016, 0.02291250228881836, 0.0126495361328125, 0.014382362365722656, 0.011209487915039062, 0.010152339935302734, 0.0134735107421875, 0.008014202117919922, 0.0053539276123046875, 0.0026869773864746094, 0.005255222320556641, 0.004013538360595703, 0.0022983551025390625, 0.0020012855529785156, 0.002429485321044922, 0.0015697479248046875, 0.0014348030090332031, 0.0013589859008789062, 80.30543124675751, 134.21824061870575, 35.3756105247885, 4.974497765302658, 1.0259795486927032, 0.03712964057922363, 0.0019817352294921875, 0.00033283233642578125, 0.0004477500915527344, 0.00018835067749023438, 0.0012989044189453125, 0.0037012100219726562, 0.02785623073577881, 0.0002918243408203125]
Test: [45.07042253521127, 83.09859154929578, 88.73239436619718, 90.14084507042254, 97.1830985915493, 98.59154929577466, 98.59154929577466, 98.59154929577466, 98.59154929577466, 88.73239436619718, 97.1830985915493, 98.59154929577466, 98.59154929577466, 97.1830985915493, 97.1830985915493, 98.59154929577466, 100.0, 98.59154929577466, 98.59154929577466, 97.1830985915493, 97.1830985915493, 98.59154929577466, 97.1830985915493, 97.1830985915493, 98.59154929577466, 97.1830985915493, 98.59154929577466, 95.77464788732394, 98.59154929577466, 97.1830985915493, 97.1830985915493, 97.1830985915493, 98.59154929577466, 98.59154929577466, 97.1830985915493, 98.59154929577466, 94.36619718309859, 92.95774647887323, 97.1830985915493, 98.59154929577466, 98.59154929577466, 98.59154929577466, 98.59154929577466, 98.59154929577466, 98.59154929577466, 98.59154929577466, 98.59154929577466, 98.59154929577466, 98.59154929577466, 98.59154929577466]
Train: [61.19402985074627, 91.7910447761194, 98.50746268656717, 97.01492537313433, 99.75124378109453, 100.0, 100.0, 100.0, 99.75124378109453, 95.77114427860697, 99.75124378109453, 99.75124378109453, 100.0, 100.0, 100.0, 100.0, 100.0, 100.0, 100.0, 100.0, 100.0, 100.0, 100.0, 100.0, 100.0, 100.0, 100.0, 100.0, 100.0, 100.0, 100.0, 100.0, 100.0, 100.0, 100.0, 100.0, 94.27860696517413, 97.76119402985076, 99.75124378109453, 100.0, 100.0, 100.0, 100.0, 100.0, 100.0, 100.0, 100.0, 100.0, 100.0, 100.0]

Training ended: 14/01/2020 23:59:47
----------------------------------------------------------------------------------------------------
----------------------------------------------------------------------------------------------------
Training started: 14/01/2020 23:59:55

Number of classes: 5 | Number of epochs: 50
Batch size: 1 | Learning rate: 0.001
Training data size: 402 | Test data size: 71

Epoch: 000 | Test accuracy: 28.169% | Train accuracy: 24.876%
Epoch: 001 | Test accuracy: 32.394% | Train accuracy: 48.259% | Loss: 939.151
Epoch: 002 | Test accuracy: 49.296% | Train accuracy: 68.905% | Loss: 419.300
Epoch: 003 | Test accuracy: 84.507% | Train accuracy: 94.527% | Loss: 134.307
Epoch: 004 | Test accuracy: 85.915% | Train accuracy: 99.502% | Loss: 32.060
Epoch: 005 | Test accuracy: 91.549% | Train accuracy: 99.254% | Loss: 12.058
Epoch: 006 | Test accuracy: 91.549% | Train accuracy: 99.751% | Loss: 5.029
Epoch: 007 | Test accuracy: 95.775% | Train accuracy: 100.000% | Loss: 1.729
Epoch: 008 | Test accuracy: 97.183% | Train accuracy: 100.000% | Loss: 1.052
Epoch: 009 | Test accuracy: 95.775% | Train accuracy: 100.000% | Loss: 0.434
Epoch: 010 | Test accuracy: 95.775% | Train accuracy: 100.000% | Loss: 0.426
Epoch: 011 | Test accuracy: 95.775% | Train accuracy: 100.000% | Loss: 0.269
Epoch: 012 | Test accuracy: 97.183% | Train accuracy: 100.000% | Loss: 0.199
Epoch: 013 | Test accuracy: 98.592% | Train accuracy: 100.000% | Loss: 0.172
Epoch: 014 | Test accuracy: 95.775% | Train accuracy: 100.000% | Loss: 0.121
Epoch: 015 | Test accuracy: 95.775% | Train accuracy: 100.000% | Loss: 0.107
Epoch: 016 | Test accuracy: 95.775% | Train accuracy: 100.000% | Loss: 0.087
Epoch: 017 | Test accuracy: 98.592% | Train accuracy: 100.000% | Loss: 0.068
Epoch: 018 | Test accuracy: 100.000% | Train accuracy: 100.000% | Loss: 0.040
Epoch: 019 | Test accuracy: 98.592% | Train accuracy: 100.000% | Loss: 0.045
Epoch: 020 | Test accuracy: 98.592% | Train accuracy: 100.000% | Loss: 0.043
Epoch: 021 | Test accuracy: 97.183% | Train accuracy: 100.000% | Loss: 0.025
Epoch: 022 | Test accuracy: 97.183% | Train accuracy: 100.000% | Loss: 0.020
Epoch: 023 | Test accuracy: 85.915% | Train accuracy: 82.836% | Loss: 140.052
Epoch: 024 | Test accuracy: 98.592% | Train accuracy: 99.005% | Loss: 121.324
Epoch: 025 | Test accuracy: 100.000% | Train accuracy: 99.751% | Loss: 23.268
Epoch: 026 | Test accuracy: 100.000% | Train accuracy: 100.000% | Loss: 21.082
Epoch: 027 | Test accuracy: 97.183% | Train accuracy: 100.000% | Loss: 0.545
Epoch: 028 | Test accuracy: 98.592% | Train accuracy: 100.000% | Loss: 0.072
Epoch: 029 | Test accuracy: 100.000% | Train accuracy: 100.000% | Loss: 0.046
Epoch: 030 | Test accuracy: 98.592% | Train accuracy: 100.000% | Loss: 0.024
Epoch: 031 | Test accuracy: 100.000% | Train accuracy: 100.000% | Loss: 0.037
Epoch: 032 | Test accuracy: 100.000% | Train accuracy: 100.000% | Loss: 0.012
Epoch: 033 | Test accuracy: 100.000% | Train accuracy: 100.000% | Loss: 0.031
Epoch: 034 | Test accuracy: 100.000% | Train accuracy: 100.000% | Loss: 0.042
Epoch: 035 | Test accuracy: 100.000% | Train accuracy: 100.000% | Loss: 0.012
Epoch: 036 | Test accuracy: 98.592% | Train accuracy: 100.000% | Loss: 0.003
Epoch: 037 | Test accuracy: 100.000% | Train accuracy: 100.000% | Loss: 0.003
Epoch: 038 | Test accuracy: 98.592% | Train accuracy: 100.000% | Loss: 0.006
Epoch: 039 | Test accuracy: 100.000% | Train accuracy: 100.000% | Loss: 0.004
Epoch: 040 | Test accuracy: 100.000% | Train accuracy: 100.000% | Loss: 0.003
Epoch: 041 | Test accuracy: 98.592% | Train accuracy: 100.000% | Loss: 0.001
Epoch: 042 | Test accuracy: 100.000% | Train accuracy: 100.000% | Loss: 0.002
Epoch: 043 | Test accuracy: 100.000% | Train accuracy: 100.000% | Loss: 0.001
Epoch: 044 | Test accuracy: 100.000% | Train accuracy: 100.000% | Loss: 0.003
Epoch: 045 | Test accuracy: 100.000% | Train accuracy: 100.000% | Loss: 0.001
Epoch: 046 | Test accuracy: 100.000% | Train accuracy: 100.000% | Loss: 0.001
Epoch: 047 | Test accuracy: 100.000% | Train accuracy: 100.000% | Loss: 0.002
Epoch: 048 | Test accuracy: 100.000% | Train accuracy: 100.000% | Loss: 0.001
Epoch: 049 | Test accuracy: 100.000% | Train accuracy: 100.000% | Loss: 0.001
Epoch: 050 | Test accuracy: 100.000% | Train accuracy: 100.000% | Loss: 0.001

Loss: [939.1508486717939, 419.30013696849346, 134.30699661374092, 32.05991244316101, 12.057681396603584, 5.029044039547443, 1.7288092449307442, 1.0524234175682068, 0.4341517686843872, 0.42606186866760254, 0.2685943841934204, 0.1986514925956726, 0.1721314787864685, 0.12074935436248779, 0.10716640949249268, 0.08719658851623535, 0.06758332252502441, 0.039604902267456055, 0.04525470733642578, 0.04301178455352783, 0.02541041374206543, 0.019810199737548828, 140.05231630802155, 121.32359725236893, 23.26823204755783, 21.0822491645813, 0.5448691844940186, 0.07172966003417969, 0.04582476615905762, 0.02373647689819336, 0.037337303161621094, 0.011978387832641602, 0.03054523468017578, 0.04231691360473633, 0.012315511703491211, 0.0026307106018066406, 0.002611875534057617, 0.005980491638183594, 0.0038909912109375, 0.002822399139404297, 0.0011610984802246094, 0.0022869110107421875, 0.0014834403991699219, 0.0028514862060546875, 0.0011548995971679688, 0.0010976791381835938, 0.0015683174133300781, 0.0012884140014648438, 0.0008754730224609375, 0.0008873939514160156]
Test: [32.3943661971831, 49.29577464788733, 84.50704225352112, 85.91549295774648, 91.54929577464789, 91.54929577464789, 95.77464788732394, 97.1830985915493, 95.77464788732394, 95.77464788732394, 95.77464788732394, 97.1830985915493, 98.59154929577466, 95.77464788732394, 95.77464788732394, 95.77464788732394, 98.59154929577466, 100.0, 98.59154929577466, 98.59154929577466, 97.1830985915493, 97.1830985915493, 85.91549295774648, 98.59154929577466, 100.0, 100.0, 97.1830985915493, 98.59154929577466, 100.0, 98.59154929577466, 100.0, 100.0, 100.0, 100.0, 100.0, 98.59154929577466, 100.0, 98.59154929577466, 100.0, 100.0, 98.59154929577466, 100.0, 100.0, 100.0, 100.0, 100.0, 100.0, 100.0, 100.0, 100.0]
Train: [48.258706467661696, 68.90547263681593, 94.5273631840796, 99.50248756218906, 99.25373134328358, 99.75124378109453, 100.0, 100.0, 100.0, 100.0, 100.0, 100.0, 100.0, 100.0, 100.0, 100.0, 100.0, 100.0, 100.0, 100.0, 100.0, 100.0, 82.83582089552239, 99.00497512437812, 99.75124378109453, 100.0, 100.0, 100.0, 100.0, 100.0, 100.0, 100.0, 100.0, 100.0, 100.0, 100.0, 100.0, 100.0, 100.0, 100.0, 100.0, 100.0, 100.0, 100.0, 100.0, 100.0, 100.0, 100.0, 100.0, 100.0]

Training ended: 15/01/2020 00:18:20
----------------------------------------------------------------------------------------------------
----------------------------------------------------------------------------------------------------
Training started: 15/01/2020 00:18:27

Number of classes: 5 | Number of epochs: 50
Batch size: 1 | Learning rate: 0.001
Training data size: 402 | Test data size: 71

Epoch: 000 | Test accuracy: 26.761% | Train accuracy: 23.383%
Epoch: 001 | Test accuracy: 40.845% | Train accuracy: 54.726% | Loss: 874.686
Epoch: 002 | Test accuracy: 69.014% | Train accuracy: 94.279% | Loss: 257.089
Epoch: 003 | Test accuracy: 85.915% | Train accuracy: 99.502% | Loss: 54.579
Epoch: 004 | Test accuracy: 90.141% | Train accuracy: 99.751% | Loss: 14.104
Epoch: 005 | Test accuracy: 85.915% | Train accuracy: 100.000% | Loss: 4.111
Epoch: 006 | Test accuracy: 88.732% | Train accuracy: 100.000% | Loss: 1.693
Epoch: 007 | Test accuracy: 88.732% | Train accuracy: 100.000% | Loss: 1.045
Epoch: 008 | Test accuracy: 91.549% | Train accuracy: 100.000% | Loss: 0.658
Epoch: 009 | Test accuracy: 87.324% | Train accuracy: 100.000% | Loss: 0.583
Epoch: 010 | Test accuracy: 91.549% | Train accuracy: 100.000% | Loss: 0.461
Epoch: 011 | Test accuracy: 88.732% | Train accuracy: 100.000% | Loss: 0.333
Epoch: 012 | Test accuracy: 85.915% | Train accuracy: 100.000% | Loss: 0.205
Epoch: 013 | Test accuracy: 91.549% | Train accuracy: 100.000% | Loss: 0.170
Epoch: 014 | Test accuracy: 90.141% | Train accuracy: 100.000% | Loss: 0.168
Epoch: 015 | Test accuracy: 90.141% | Train accuracy: 100.000% | Loss: 0.120
Epoch: 016 | Test accuracy: 91.549% | Train accuracy: 100.000% | Loss: 0.087
Epoch: 017 | Test accuracy: 90.141% | Train accuracy: 100.000% | Loss: 0.068
Epoch: 018 | Test accuracy: 83.099% | Train accuracy: 97.015% | Loss: 214.232
Epoch: 019 | Test accuracy: 87.324% | Train accuracy: 98.010% | Loss: 90.031
Epoch: 020 | Test accuracy: 91.549% | Train accuracy: 100.000% | Loss: 8.418
Epoch: 021 | Test accuracy: 94.366% | Train accuracy: 100.000% | Loss: 0.106
Epoch: 022 | Test accuracy: 92.958% | Train accuracy: 100.000% | Loss: 0.050
Epoch: 023 | Test accuracy: 91.549% | Train accuracy: 100.000% | Loss: 0.142
Epoch: 024 | Test accuracy: 91.549% | Train accuracy: 99.751% | Loss: 0.118
Epoch: 025 | Test accuracy: 92.958% | Train accuracy: 100.000% | Loss: 0.059
Epoch: 026 | Test accuracy: 94.366% | Train accuracy: 100.000% | Loss: 0.022
Epoch: 027 | Test accuracy: 91.549% | Train accuracy: 100.000% | Loss: 0.010
Epoch: 028 | Test accuracy: 88.732% | Train accuracy: 100.000% | Loss: 0.381
Epoch: 029 | Test accuracy: 92.958% | Train accuracy: 100.000% | Loss: 0.050
Epoch: 030 | Test accuracy: 92.958% | Train accuracy: 100.000% | Loss: 0.011
Epoch: 031 | Test accuracy: 92.958% | Train accuracy: 100.000% | Loss: 0.009
Epoch: 032 | Test accuracy: 91.549% | Train accuracy: 100.000% | Loss: 0.007
Epoch: 033 | Test accuracy: 92.958% | Train accuracy: 100.000% | Loss: 0.010
Epoch: 034 | Test accuracy: 92.958% | Train accuracy: 100.000% | Loss: 0.004
Epoch: 035 | Test accuracy: 91.549% | Train accuracy: 100.000% | Loss: 0.003
Epoch: 036 | Test accuracy: 91.549% | Train accuracy: 100.000% | Loss: 0.004
Epoch: 037 | Test accuracy: 92.958% | Train accuracy: 100.000% | Loss: 0.002
Epoch: 038 | Test accuracy: 95.775% | Train accuracy: 100.000% | Loss: 0.002
Epoch: 039 | Test accuracy: 92.958% | Train accuracy: 100.000% | Loss: 0.004
Epoch: 040 | Test accuracy: 95.775% | Train accuracy: 100.000% | Loss: 0.004
Epoch: 041 | Test accuracy: 95.775% | Train accuracy: 100.000% | Loss: 0.001
Epoch: 042 | Test accuracy: 92.958% | Train accuracy: 100.000% | Loss: 0.001
Epoch: 043 | Test accuracy: 94.366% | Train accuracy: 100.000% | Loss: 0.001
Epoch: 044 | Test accuracy: 95.775% | Train accuracy: 100.000% | Loss: 0.002
Epoch: 045 | Test accuracy: 92.958% | Train accuracy: 100.000% | Loss: 0.011
Epoch: 046 | Test accuracy: 94.366% | Train accuracy: 100.000% | Loss: 0.008
Epoch: 047 | Test accuracy: 88.732% | Train accuracy: 99.254% | Loss: 111.119
Epoch: 048 | Test accuracy: 91.549% | Train accuracy: 99.751% | Loss: 32.915
Epoch: 049 | Test accuracy: 91.549% | Train accuracy: 100.000% | Loss: 0.262
Epoch: 050 | Test accuracy: 91.549% | Train accuracy: 100.000% | Loss: 0.018

Loss: [874.6855311468244, 257.0888987593353, 54.579139878973365, 14.10428312048316, 4.110867021605372, 1.6930808555334806, 1.045061893761158, 0.6583693837746978, 0.5825770706869662, 0.4613042529672384, 0.33338406682014465, 0.20468518137931824, 0.17000507563352585, 0.1683676540851593, 0.11964334547519684, 0.08728908747434616, 0.0684744119644165, 214.23205626010895, 90.03128775442019, 8.418200112879276, 0.10616403818130493, 0.05038227140903473, 0.14189357310533524, 0.11829666793346405, 0.05905994772911072, 0.022213555872440338, 0.010324835777282715, 0.3809131309390068, 0.049504563212394714, 0.01104050874710083, 0.008632421493530273, 0.006860718131065369, 0.009874343872070312, 0.004180192947387695, 0.0033020973205566406, 0.0036901822313666344, 0.0020929574966430664, 0.002321481704711914, 0.003760695457458496, 0.003781557083129883, 0.001412034034729004, 0.0014802217483520508, 0.0007551908493041992, 0.0018252134323120117, 0.010775208473205566, 0.007755964994430542, 111.11858071386814, 32.91538079082966, 0.2616159915924072, 0.017925739288330078]
Test: [40.845070422535215, 69.01408450704226, 85.91549295774648, 90.14084507042254, 85.91549295774648, 88.73239436619718, 88.73239436619718, 91.54929577464789, 87.32394366197182, 91.54929577464789, 88.73239436619718, 85.91549295774648, 91.54929577464789, 90.14084507042254, 90.14084507042254, 91.54929577464789, 90.14084507042254, 83.09859154929578, 87.32394366197182, 91.54929577464789, 94.36619718309859, 92.95774647887323, 91.54929577464789, 91.54929577464789, 92.95774647887323, 94.36619718309859, 91.54929577464789, 88.73239436619718, 92.95774647887323, 92.95774647887323, 92.95774647887323, 91.54929577464789, 92.95774647887323, 92.95774647887323, 91.54929577464789, 91.54929577464789, 92.95774647887323, 95.77464788732394, 92.95774647887323, 95.77464788732394, 95.77464788732394, 92.95774647887323, 94.36619718309859, 95.77464788732394, 92.95774647887323, 94.36619718309859, 88.73239436619718, 91.54929577464789, 91.54929577464789, 91.54929577464789]
Train: [54.72636815920397, 94.27860696517413, 99.50248756218906, 99.75124378109453, 100.0, 100.0, 100.0, 100.0, 100.0, 100.0, 100.0, 100.0, 100.0, 100.0, 100.0, 100.0, 100.0, 97.01492537313433, 98.00995024875621, 100.0, 100.0, 100.0, 100.0, 99.75124378109453, 100.0, 100.0, 100.0, 100.0, 100.0, 100.0, 100.0, 100.0, 100.0, 100.0, 100.0, 100.0, 100.0, 100.0, 100.0, 100.0, 100.0, 100.0, 100.0, 100.0, 100.0, 100.0, 99.25373134328358, 99.75124378109453, 100.0, 100.0]

Training ended: 15/01/2020 00:36:43
----------------------------------------------------------------------------------------------------
----------------------------------------------------------------------------------------------------
Training started: 15/01/2020 00:36:52

Number of classes: 5 | Number of epochs: 50
Batch size: 1 | Learning rate: 0.001
Training data size: 402 | Test data size: 71

Epoch: 000 | Test accuracy: 15.493% | Train accuracy: 16.915%
Epoch: 001 | Test accuracy: 32.394% | Train accuracy: 54.229% | Loss: 940.028
Epoch: 002 | Test accuracy: 67.606% | Train accuracy: 81.343% | Loss: 392.949
Epoch: 003 | Test accuracy: 69.014% | Train accuracy: 95.025% | Loss: 105.533
Epoch: 004 | Test accuracy: 90.141% | Train accuracy: 99.502% | Loss: 24.489
Epoch: 005 | Test accuracy: 92.958% | Train accuracy: 100.000% | Loss: 9.325
Epoch: 006 | Test accuracy: 91.549% | Train accuracy: 100.000% | Loss: 2.967
Epoch: 007 | Test accuracy: 92.958% | Train accuracy: 100.000% | Loss: 0.997
Epoch: 008 | Test accuracy: 94.366% | Train accuracy: 100.000% | Loss: 0.684
Epoch: 009 | Test accuracy: 97.183% | Train accuracy: 100.000% | Loss: 0.471
Epoch: 010 | Test accuracy: 94.366% | Train accuracy: 100.000% | Loss: 0.378
Epoch: 011 | Test accuracy: 97.183% | Train accuracy: 100.000% | Loss: 0.274
Epoch: 012 | Test accuracy: 97.183% | Train accuracy: 100.000% | Loss: 0.259
Epoch: 013 | Test accuracy: 95.775% | Train accuracy: 100.000% | Loss: 0.177
Epoch: 014 | Test accuracy: 97.183% | Train accuracy: 100.000% | Loss: 0.118
Epoch: 015 | Test accuracy: 97.183% | Train accuracy: 100.000% | Loss: 0.122
Epoch: 016 | Test accuracy: 95.775% | Train accuracy: 100.000% | Loss: 0.093
Epoch: 017 | Test accuracy: 97.183% | Train accuracy: 100.000% | Loss: 0.094
Epoch: 018 | Test accuracy: 97.183% | Train accuracy: 100.000% | Loss: 0.083
Epoch: 019 | Test accuracy: 97.183% | Train accuracy: 100.000% | Loss: 0.052
Epoch: 020 | Test accuracy: 97.183% | Train accuracy: 100.000% | Loss: 0.072
Epoch: 021 | Test accuracy: 95.775% | Train accuracy: 100.000% | Loss: 0.028
Epoch: 022 | Test accuracy: 97.183% | Train accuracy: 100.000% | Loss: 0.030
Epoch: 023 | Test accuracy: 95.775% | Train accuracy: 100.000% | Loss: 0.019
Epoch: 024 | Test accuracy: 97.183% | Train accuracy: 100.000% | Loss: 0.015
Epoch: 025 | Test accuracy: 97.183% | Train accuracy: 100.000% | Loss: 0.011
Epoch: 026 | Test accuracy: 97.183% | Train accuracy: 100.000% | Loss: 0.010
Epoch: 027 | Test accuracy: 97.183% | Train accuracy: 100.000% | Loss: 0.006
Epoch: 028 | Test accuracy: 88.732% | Train accuracy: 96.020% | Loss: 216.550
Epoch: 029 | Test accuracy: 76.056% | Train accuracy: 87.065% | Loss: 170.140
Epoch: 030 | Test accuracy: 92.958% | Train accuracy: 99.502% | Loss: 19.413
Epoch: 031 | Test accuracy: 91.549% | Train accuracy: 100.000% | Loss: 28.425
Epoch: 032 | Test accuracy: 95.775% | Train accuracy: 100.000% | Loss: 0.225
Epoch: 033 | Test accuracy: 95.775% | Train accuracy: 100.000% | Loss: 0.051
Epoch: 034 | Test accuracy: 95.775% | Train accuracy: 100.000% | Loss: 0.017
Epoch: 035 | Test accuracy: 94.366% | Train accuracy: 100.000% | Loss: 0.043
Epoch: 036 | Test accuracy: 95.775% | Train accuracy: 100.000% | Loss: 0.031
Epoch: 037 | Test accuracy: 87.324% | Train accuracy: 96.766% | Loss: 3.050
Epoch: 038 | Test accuracy: 97.183% | Train accuracy: 99.254% | Loss: 20.302
Epoch: 039 | Test accuracy: 92.958% | Train accuracy: 99.254% | Loss: 34.499
Epoch: 040 | Test accuracy: 90.141% | Train accuracy: 98.259% | Loss: 16.534
Epoch: 041 | Test accuracy: 97.183% | Train accuracy: 100.000% | Loss: 14.789
Epoch: 042 | Test accuracy: 73.239% | Train accuracy: 87.313% | Loss: 29.442
Epoch: 043 | Test accuracy: 94.366% | Train accuracy: 100.000% | Loss: 13.644
Epoch: 044 | Test accuracy: 95.775% | Train accuracy: 99.751% | Loss: 0.987
Epoch: 045 | Test accuracy: 95.775% | Train accuracy: 100.000% | Loss: 0.311
Epoch: 046 | Test accuracy: 95.775% | Train accuracy: 100.000% | Loss: 0.165
Epoch: 047 | Test accuracy: 94.366% | Train accuracy: 100.000% | Loss: 0.008
Epoch: 048 | Test accuracy: 95.775% | Train accuracy: 100.000% | Loss: 0.013
Epoch: 049 | Test accuracy: 95.775% | Train accuracy: 100.000% | Loss: 0.005
Epoch: 050 | Test accuracy: 94.366% | Train accuracy: 100.000% | Loss: 0.262

Loss: [940.0276210010052, 392.9487349614501, 105.53316867165267, 24.489388894289732, 9.32487970776856, 2.967085665091872, 0.9971345961093903, 0.6841854006052017, 0.471225019544363, 0.3778982050716877, 0.27375433943234384, 0.25891057401895523, 0.17666590213775635, 0.1178072988986969, 0.12202492356300354, 0.0930885374546051, 0.09415525197982788, 0.08258211612701416, 0.05153048038482666, 0.07204779982566833, 0.027577251195907593, 0.029986917972564697, 0.019252846366725862, 0.015330255031585693, 0.011391788721084595, 0.00997626781463623, 0.005835413932800293, 216.54962451756, 170.1403479129076, 19.41259491443634, 28.424620218575, 0.22519347816705704, 0.05101132392883301, 0.016643524169921875, 0.04262256622314453, 0.031217962503433228, 3.0504230856895447, 20.30171847343445, 34.49931621551514, 16.533524990081787, 14.788729399442673, 29.442111790180206, 13.6436627805233, 0.9867387264966965, 0.31086814403533936, 0.16533398628234863, 0.008249759674072266, 0.013199567794799805, 0.004774570465087891, 0.26155173778533936]
Test: [32.3943661971831, 67.6056338028169, 69.01408450704226, 90.14084507042254, 92.95774647887323, 91.54929577464789, 92.95774647887323, 94.36619718309859, 97.1830985915493, 94.36619718309859, 97.1830985915493, 97.1830985915493, 95.77464788732394, 97.1830985915493, 97.1830985915493, 95.77464788732394, 97.1830985915493, 97.1830985915493, 97.1830985915493, 97.1830985915493, 95.77464788732394, 97.1830985915493, 95.77464788732394, 97.1830985915493, 97.1830985915493, 97.1830985915493, 97.1830985915493, 88.73239436619718, 76.05633802816901, 92.95774647887323, 91.54929577464789, 95.77464788732394, 95.77464788732394, 95.77464788732394, 94.36619718309859, 95.77464788732394, 87.32394366197182, 97.1830985915493, 92.95774647887323, 90.14084507042254, 97.1830985915493, 73.23943661971832, 94.36619718309859, 95.77464788732394, 95.77464788732394, 95.77464788732394, 94.36619718309859, 95.77464788732394, 95.77464788732394, 94.36619718309859]
Train: [54.22885572139303, 81.34328358208955, 95.02487562189054, 99.50248756218906, 100.0, 100.0, 100.0, 100.0, 100.0, 100.0, 100.0, 100.0, 100.0, 100.0, 100.0, 100.0, 100.0, 100.0, 100.0, 100.0, 100.0, 100.0, 100.0, 100.0, 100.0, 100.0, 100.0, 96.01990049751244, 87.06467661691542, 99.50248756218906, 100.0, 100.0, 100.0, 100.0, 100.0, 100.0, 96.76616915422885, 99.25373134328358, 99.25373134328358, 98.2587064676617, 100.0, 87.31343283582089, 100.0, 99.75124378109453, 100.0, 100.0, 100.0, 100.0, 100.0, 100.0]

Training ended: 15/01/2020 00:55:11
----------------------------------------------------------------------------------------------------
----------------------------------------------------------------------------------------------------
Training started: 15/01/2020 00:55:19

Number of classes: 5 | Number of epochs: 50
Batch size: 1 | Learning rate: 0.001
Training data size: 402 | Test data size: 71

Epoch: 000 | Test accuracy: 28.169% | Train accuracy: 24.627%
Epoch: 001 | Test accuracy: 46.479% | Train accuracy: 61.692% | Loss: 939.319
Epoch: 002 | Test accuracy: 74.648% | Train accuracy: 87.313% | Loss: 362.562
Epoch: 003 | Test accuracy: 70.423% | Train accuracy: 85.821% | Loss: 114.477
Epoch: 004 | Test accuracy: 91.549% | Train accuracy: 99.502% | Loss: 19.272
Epoch: 005 | Test accuracy: 94.366% | Train accuracy: 100.000% | Loss: 12.246
Epoch: 006 | Test accuracy: 94.366% | Train accuracy: 100.000% | Loss: 1.374
Epoch: 007 | Test accuracy: 97.183% | Train accuracy: 100.000% | Loss: 0.887
Epoch: 008 | Test accuracy: 95.775% | Train accuracy: 100.000% | Loss: 0.554
Epoch: 009 | Test accuracy: 97.183% | Train accuracy: 100.000% | Loss: 0.397
Epoch: 010 | Test accuracy: 97.183% | Train accuracy: 100.000% | Loss: 0.323
Epoch: 011 | Test accuracy: 95.775% | Train accuracy: 100.000% | Loss: 0.230
Epoch: 012 | Test accuracy: 95.775% | Train accuracy: 100.000% | Loss: 0.206
Epoch: 013 | Test accuracy: 95.775% | Train accuracy: 100.000% | Loss: 0.182
Epoch: 014 | Test accuracy: 98.592% | Train accuracy: 100.000% | Loss: 0.135
Epoch: 015 | Test accuracy: 98.592% | Train accuracy: 100.000% | Loss: 0.098
Epoch: 016 | Test accuracy: 97.183% | Train accuracy: 100.000% | Loss: 0.073
Epoch: 017 | Test accuracy: 98.592% | Train accuracy: 100.000% | Loss: 0.056
Epoch: 018 | Test accuracy: 97.183% | Train accuracy: 100.000% | Loss: 0.052
Epoch: 019 | Test accuracy: 97.183% | Train accuracy: 100.000% | Loss: 0.048
Epoch: 020 | Test accuracy: 98.592% | Train accuracy: 100.000% | Loss: 0.031
Epoch: 021 | Test accuracy: 97.183% | Train accuracy: 100.000% | Loss: 0.022
Epoch: 022 | Test accuracy: 98.592% | Train accuracy: 100.000% | Loss: 0.022
Epoch: 023 | Test accuracy: 97.183% | Train accuracy: 100.000% | Loss: 0.017
Epoch: 024 | Test accuracy: 97.183% | Train accuracy: 100.000% | Loss: 0.012
Epoch: 025 | Test accuracy: 97.183% | Train accuracy: 100.000% | Loss: 0.014
Epoch: 026 | Test accuracy: 97.183% | Train accuracy: 100.000% | Loss: 0.009
Epoch: 027 | Test accuracy: 97.183% | Train accuracy: 100.000% | Loss: 0.005
Epoch: 028 | Test accuracy: 97.183% | Train accuracy: 100.000% | Loss: 0.006
Epoch: 029 | Test accuracy: 97.183% | Train accuracy: 100.000% | Loss: 0.006
Epoch: 030 | Test accuracy: 97.183% | Train accuracy: 100.000% | Loss: 0.003
Epoch: 031 | Test accuracy: 97.183% | Train accuracy: 100.000% | Loss: 0.004
Epoch: 032 | Test accuracy: 97.183% | Train accuracy: 100.000% | Loss: 0.002
Epoch: 033 | Test accuracy: 97.183% | Train accuracy: 100.000% | Loss: 0.002
Epoch: 034 | Test accuracy: 97.183% | Train accuracy: 100.000% | Loss: 0.002
Epoch: 035 | Test accuracy: 97.183% | Train accuracy: 100.000% | Loss: 0.001
Epoch: 036 | Test accuracy: 97.183% | Train accuracy: 100.000% | Loss: 0.001
Epoch: 037 | Test accuracy: 97.183% | Train accuracy: 100.000% | Loss: 0.001
Epoch: 038 | Test accuracy: 97.183% | Train accuracy: 100.000% | Loss: 0.000
Epoch: 039 | Test accuracy: 87.324% | Train accuracy: 92.537% | Loss: 219.248
Epoch: 040 | Test accuracy: 97.183% | Train accuracy: 99.254% | Loss: 84.084
Epoch: 041 | Test accuracy: 95.775% | Train accuracy: 99.751% | Loss: 10.503
Epoch: 042 | Test accuracy: 97.183% | Train accuracy: 98.756% | Loss: 13.695
Epoch: 043 | Test accuracy: 95.775% | Train accuracy: 100.000% | Loss: 0.455
Epoch: 044 | Test accuracy: 97.183% | Train accuracy: 100.000% | Loss: 0.252
Epoch: 045 | Test accuracy: 97.183% | Train accuracy: 100.000% | Loss: 0.025
Epoch: 046 | Test accuracy: 95.775% | Train accuracy: 100.000% | Loss: 0.095
Epoch: 047 | Test accuracy: 95.775% | Train accuracy: 100.000% | Loss: 0.055
Epoch: 048 | Test accuracy: 97.183% | Train accuracy: 100.000% | Loss: 0.005
Epoch: 049 | Test accuracy: 97.183% | Train accuracy: 100.000% | Loss: 0.008
Epoch: 050 | Test accuracy: 97.183% | Train accuracy: 100.000% | Loss: 0.004

Loss: [939.3186360150576, 362.56244057416916, 114.47669717669487, 19.272326447069645, 12.24632790312171, 1.3736439496278763, 0.8872941434383392, 0.5536006689071655, 0.39739930629730225, 0.32312655448913574, 0.22965455055236816, 0.2063688039779663, 0.18200469017028809, 0.13525390625, 0.09832382202148438, 0.0732123851776123, 0.05595541000366211, 0.05173492431640625, 0.047928452491760254, 0.030823111534118652, 0.021726131439208984, 0.02231442928314209, 0.01690363883972168, 0.012342691421508789, 0.013650655746459961, 0.008877038955688477, 0.00504755973815918, 0.006228208541870117, 0.005865812301635742, 0.003452777862548828, 0.0039288997650146484, 0.001941680908203125, 0.001672983169555664, 0.001546621322631836, 0.0011615753173828125, 0.0012950897216796875, 0.0006074905395507812, 0.0004634857177734375, 219.24820598959923, 84.08425988256931, 10.503096520900726, 13.695362083613873, 0.4552147425711155, 0.25156424194574356, 0.025206387042999268, 0.09519535303115845, 0.05476902425289154, 0.005057334899902344, 0.008180573582649231, 0.0037365667521953583]
Test: [46.478873239436616, 74.64788732394366, 70.4225352112676, 91.54929577464789, 94.36619718309859, 94.36619718309859, 97.1830985915493, 95.77464788732394, 97.1830985915493, 97.1830985915493, 95.77464788732394, 95.77464788732394, 95.77464788732394, 98.59154929577466, 98.59154929577466, 97.1830985915493, 98.59154929577466, 97.1830985915493, 97.1830985915493, 98.59154929577466, 97.1830985915493, 98.59154929577466, 97.1830985915493, 97.1830985915493, 97.1830985915493, 97.1830985915493, 97.1830985915493, 97.1830985915493, 97.1830985915493, 97.1830985915493, 97.1830985915493, 97.1830985915493, 97.1830985915493, 97.1830985915493, 97.1830985915493, 97.1830985915493, 97.1830985915493, 97.1830985915493, 87.32394366197182, 97.1830985915493, 95.77464788732394, 97.1830985915493, 95.77464788732394, 97.1830985915493, 97.1830985915493, 95.77464788732394, 95.77464788732394, 97.1830985915493, 97.1830985915493, 97.1830985915493]
Train: [61.69154228855721, 87.31343283582089, 85.82089552238806, 99.50248756218906, 100.0, 100.0, 100.0, 100.0, 100.0, 100.0, 100.0, 100.0, 100.0, 100.0, 100.0, 100.0, 100.0, 100.0, 100.0, 100.0, 100.0, 100.0, 100.0, 100.0, 100.0, 100.0, 100.0, 100.0, 100.0, 100.0, 100.0, 100.0, 100.0, 100.0, 100.0, 100.0, 100.0, 100.0, 92.53731343283582, 99.25373134328358, 99.75124378109453, 98.75621890547264, 100.0, 100.0, 100.0, 100.0, 100.0, 100.0, 100.0, 100.0]

Training ended: 15/01/2020 01:13:39
----------------------------------------------------------------------------------------------------
----------------------------------------------------------------------------------------------------
Training started: 15/01/2020 01:13:48

Number of classes: 5 | Number of epochs: 50
Batch size: 1 | Learning rate: 0.001
Training data size: 402 | Test data size: 71

Epoch: 000 | Test accuracy: 28.169% | Train accuracy: 25.622%
Epoch: 001 | Test accuracy: 38.028% | Train accuracy: 61.692% | Loss: 889.958
Epoch: 002 | Test accuracy: 63.380% | Train accuracy: 82.587% | Loss: 310.353
Epoch: 003 | Test accuracy: 71.831% | Train accuracy: 92.289% | Loss: 106.045
Epoch: 004 | Test accuracy: 88.732% | Train accuracy: 99.254% | Loss: 39.416
Epoch: 005 | Test accuracy: 84.507% | Train accuracy: 99.005% | Loss: 14.580
Epoch: 006 | Test accuracy: 88.732% | Train accuracy: 99.751% | Loss: 15.951
Epoch: 007 | Test accuracy: 85.915% | Train accuracy: 99.751% | Loss: 2.167
Epoch: 008 | Test accuracy: 88.732% | Train accuracy: 100.000% | Loss: 0.974
Epoch: 009 | Test accuracy: 90.141% | Train accuracy: 100.000% | Loss: 0.380
Epoch: 010 | Test accuracy: 87.324% | Train accuracy: 100.000% | Loss: 0.308
Epoch: 011 | Test accuracy: 91.549% | Train accuracy: 100.000% | Loss: 0.227
Epoch: 012 | Test accuracy: 90.141% | Train accuracy: 100.000% | Loss: 0.187
Epoch: 013 | Test accuracy: 88.732% | Train accuracy: 100.000% | Loss: 0.196
Epoch: 014 | Test accuracy: 91.549% | Train accuracy: 100.000% | Loss: 0.209
Epoch: 015 | Test accuracy: 92.958% | Train accuracy: 100.000% | Loss: 0.102
Epoch: 016 | Test accuracy: 91.549% | Train accuracy: 100.000% | Loss: 0.130
Epoch: 017 | Test accuracy: 94.366% | Train accuracy: 100.000% | Loss: 0.060
Epoch: 018 | Test accuracy: 90.141% | Train accuracy: 100.000% | Loss: 0.054
Epoch: 019 | Test accuracy: 91.549% | Train accuracy: 100.000% | Loss: 0.047
Epoch: 020 | Test accuracy: 91.549% | Train accuracy: 100.000% | Loss: 0.034
Epoch: 021 | Test accuracy: 91.549% | Train accuracy: 100.000% | Loss: 0.033
Epoch: 022 | Test accuracy: 94.366% | Train accuracy: 100.000% | Loss: 0.026
Epoch: 023 | Test accuracy: 92.958% | Train accuracy: 100.000% | Loss: 0.028
Epoch: 024 | Test accuracy: 94.366% | Train accuracy: 100.000% | Loss: 0.018
Epoch: 025 | Test accuracy: 94.366% | Train accuracy: 100.000% | Loss: 0.027
Epoch: 026 | Test accuracy: 92.958% | Train accuracy: 100.000% | Loss: 0.021
Epoch: 027 | Test accuracy: 95.775% | Train accuracy: 100.000% | Loss: 0.018
Epoch: 028 | Test accuracy: 95.775% | Train accuracy: 100.000% | Loss: 0.008
Epoch: 029 | Test accuracy: 95.775% | Train accuracy: 100.000% | Loss: 0.006
Epoch: 030 | Test accuracy: 97.183% | Train accuracy: 100.000% | Loss: 0.011
Epoch: 031 | Test accuracy: 77.465% | Train accuracy: 93.532% | Loss: 306.564
Epoch: 032 | Test accuracy: 85.915% | Train accuracy: 96.766% | Loss: 51.304
Epoch: 033 | Test accuracy: 91.549% | Train accuracy: 99.751% | Loss: 26.469
Epoch: 034 | Test accuracy: 88.732% | Train accuracy: 100.000% | Loss: 8.945
Epoch: 035 | Test accuracy: 91.549% | Train accuracy: 100.000% | Loss: 1.670
Epoch: 036 | Test accuracy: 92.958% | Train accuracy: 100.000% | Loss: 0.194
Epoch: 037 | Test accuracy: 92.958% | Train accuracy: 98.756% | Loss: 33.158
Epoch: 038 | Test accuracy: 92.958% | Train accuracy: 100.000% | Loss: 2.348
Epoch: 039 | Test accuracy: 92.958% | Train accuracy: 100.000% | Loss: 0.089
Epoch: 040 | Test accuracy: 91.549% | Train accuracy: 100.000% | Loss: 0.023
Epoch: 041 | Test accuracy: 91.549% | Train accuracy: 100.000% | Loss: 0.011
Epoch: 042 | Test accuracy: 92.958% | Train accuracy: 100.000% | Loss: 0.022
Epoch: 043 | Test accuracy: 91.549% | Train accuracy: 100.000% | Loss: 0.055
Epoch: 044 | Test accuracy: 92.958% | Train accuracy: 100.000% | Loss: 0.008
Epoch: 045 | Test accuracy: 92.958% | Train accuracy: 100.000% | Loss: 0.008
Epoch: 046 | Test accuracy: 94.366% | Train accuracy: 100.000% | Loss: 0.007
Epoch: 047 | Test accuracy: 91.549% | Train accuracy: 100.000% | Loss: 0.004
Epoch: 048 | Test accuracy: 94.366% | Train accuracy: 100.000% | Loss: 0.008
Epoch: 049 | Test accuracy: 94.366% | Train accuracy: 100.000% | Loss: 0.020
Epoch: 050 | Test accuracy: 94.366% | Train accuracy: 100.000% | Loss: 0.005

Loss: [889.9584491848946, 310.352530233562, 106.04452425986528, 39.41555775702, 14.579746074974537, 15.951063439249992, 2.167323410511017, 0.9744600057601929, 0.3803757429122925, 0.30765849351882935, 0.2272053062915802, 0.1871734857559204, 0.19644016027450562, 0.20895618200302124, 0.10183656215667725, 0.1298520565032959, 0.059578657150268555, 0.05416297912597656, 0.046753644943237305, 0.03354930877685547, 0.03288602828979492, 0.025686264038085938, 0.028468608856201172, 0.01796722412109375, 0.027307510375976562, 0.02097010612487793, 0.018043994903564453, 0.007742404937744141, 0.006356954574584961, 0.011301279067993164, 306.56362038850784, 51.303909689188, 26.468691849149764, 8.944957330822945, 1.6704487539827824, 0.19351888820528984, 33.15791121125221, 2.3484296426177025, 0.08889329433441162, 0.02333781123161316, 0.01065915822982788, 0.02183140069246292, 0.05546581745147705, 0.008293390274047852, 0.008453607559204102, 0.007206588983535767, 0.0037136077880859375, 0.0075409263372421265, 0.02020767331123352, 0.004864802584052086]
Test: [38.028169014084504, 63.38028169014085, 71.83098591549296, 88.73239436619718, 84.50704225352112, 88.73239436619718, 85.91549295774648, 88.73239436619718, 90.14084507042254, 87.32394366197182, 91.54929577464789, 90.14084507042254, 88.73239436619718, 91.54929577464789, 92.95774647887323, 91.54929577464789, 94.36619718309859, 90.14084507042254, 91.54929577464789, 91.54929577464789, 91.54929577464789, 94.36619718309859, 92.95774647887323, 94.36619718309859, 94.36619718309859, 92.95774647887323, 95.77464788732394, 95.77464788732394, 95.77464788732394, 97.1830985915493, 77.46478873239437, 85.91549295774648, 91.54929577464789, 88.73239436619718, 91.54929577464789, 92.95774647887323, 92.95774647887323, 92.95774647887323, 92.95774647887323, 91.54929577464789, 91.54929577464789, 92.95774647887323, 91.54929577464789, 92.95774647887323, 92.95774647887323, 94.36619718309859, 91.54929577464789, 94.36619718309859, 94.36619718309859, 94.36619718309859]
Train: [61.69154228855721, 82.58706467661692, 92.28855721393035, 99.25373134328358, 99.00497512437812, 99.75124378109453, 99.75124378109453, 100.0, 100.0, 100.0, 100.0, 100.0, 100.0, 100.0, 100.0, 100.0, 100.0, 100.0, 100.0, 100.0, 100.0, 100.0, 100.0, 100.0, 100.0, 100.0, 100.0, 100.0, 100.0, 100.0, 93.53233830845771, 96.76616915422885, 99.75124378109453, 100.0, 100.0, 100.0, 98.75621890547264, 100.0, 100.0, 100.0, 100.0, 100.0, 100.0, 100.0, 100.0, 100.0, 100.0, 100.0, 100.0, 100.0]

Training ended: 15/01/2020 01:32:12
----------------------------------------------------------------------------------------------------
